"start" -> Pair{first=-1, second=-1}
"{" -> Pair{first=-1, second=-1}
"int" -> Pair{first=-1, second=-1}
"identifier" -> Pair{first=2, second=0}
";" -> Pair{first=-1, second=-1}
"int" -> Pair{first=-1, second=-1}
"identifier" -> Pair{first=3, second=0}
";" -> Pair{first=-1, second=-1}
"int" -> Pair{first=-1, second=-1}
"identifier" -> Pair{first=4, second=0}
";" -> Pair{first=-1, second=-1}
"scan" -> Pair{first=-1, second=-1}
"(" -> Pair{first=-1, second=-1}
"identifier" -> Pair{first=2, second=0}
")" -> Pair{first=-1, second=-1}
";" -> Pair{first=-1, second=-1}
"scan" -> Pair{first=-1, second=-1}
"(" -> Pair{first=-1, second=-1}
"identifier" -> Pair{first=3, second=0}
")" -> Pair{first=-1, second=-1}
";" -> Pair{first=-1, second=-1}
"while" -> Pair{first=-1, second=-1}
"(" -> Pair{first=-1, second=-1}
"identifier" -> Pair{first=3, second=0}
"!=" -> Pair{first=-1, second=-1}
"constant" -> Pair{first=3, second=1}
")" -> Pair{first=-1, second=-1}
"{" -> Pair{first=-1, second=-1}
"identifier" -> Pair{first=4, second=0}
"=" -> Pair{first=-1, second=-1}
"identifier" -> Pair{first=3, second=0}
";" -> Pair{first=-1, second=-1}
"identifier" -> Pair{first=3, second=0}
"=" -> Pair{first=-1, second=-1}
"identifier" -> Pair{first=2, second=0}
"%" -> Pair{first=-1, second=-1}
"identifier" -> Pair{first=3, second=0}
";" -> Pair{first=-1, second=-1}
"identifier" -> Pair{first=2, second=0}
"=" -> Pair{first=-1, second=-1}
"identifier" -> Pair{first=4, second=0}
";" -> Pair{first=-1, second=-1}
"}" -> Pair{first=-1, second=-1}
"print" -> Pair{first=-1, second=-1}
"(" -> Pair{first=-1, second=-1}
"identifier" -> Pair{first=2, second=0}
")" -> Pair{first=-1, second=-1}
";" -> Pair{first=-1, second=-1}
"}" -> Pair{first=-1, second=-1}
"end" -> Pair{first=-1, second=-1}
